[debug] [2023-12-10T22:08:18.776Z] ----------------------------------------------------------------------
[debug] [2023-12-10T22:08:18.781Z] Command:       C:\Program Files\nodejs\node.exe C:\Users\kille\AppData\Roaming\npm\node_modules\firebase-tools\lib\bin\firebase.js deploy
[debug] [2023-12-10T22:08:18.782Z] CLI Version:   12.9.1
[debug] [2023-12-10T22:08:18.783Z] Platform:      win32
[debug] [2023-12-10T22:08:18.783Z] Node Version:  v20.10.0
[debug] [2023-12-10T22:08:18.783Z] Time:          Mon Dec 11 2023 06:08:18 GMT+0800 (Philippine Standard Time)
[debug] [2023-12-10T22:08:18.783Z] ----------------------------------------------------------------------
[debug] 
[debug] [2023-12-10T22:08:18.787Z] >>> [apiv2][query] GET https://firebase-public.firebaseio.com/cli.json [none]
[debug] [2023-12-10T22:08:19.009Z] > command requires scopes: ["email","openid","https://www.googleapis.com/auth/cloudplatformprojects.readonly","https://www.googleapis.com/auth/firebase","https://www.googleapis.com/auth/cloud-platform"]
[debug] [2023-12-10T22:08:19.009Z] > authorizing via signed-in user (daetrhubirthingcenter@gmail.com)
[debug] [2023-12-10T22:08:19.010Z] [iam] checking project it-projects-3rd-year for permissions ["firebase.projects.get","firebasehosting.sites.update"]
[debug] [2023-12-10T22:08:19.011Z] > refreshing access token with scopes: []
[debug] [2023-12-10T22:08:19.013Z] >>> [apiv2][query] POST https://www.googleapis.com/oauth2/v3/token [none]
[debug] [2023-12-10T22:08:19.013Z] >>> [apiv2][body] POST https://www.googleapis.com/oauth2/v3/token [omitted]
[debug] [2023-12-10T22:08:19.192Z] <<< [apiv2][status] POST https://www.googleapis.com/oauth2/v3/token 200
[debug] [2023-12-10T22:08:19.193Z] <<< [apiv2][body] POST https://www.googleapis.com/oauth2/v3/token [omitted]
[debug] [2023-12-10T22:08:19.204Z] >>> [apiv2][query] POST https://cloudresourcemanager.googleapis.com/v1/projects/it-projects-3rd-year:testIamPermissions [none]
[debug] [2023-12-10T22:08:19.204Z] >>> [apiv2][(partial)header] POST https://cloudresourcemanager.googleapis.com/v1/projects/it-projects-3rd-year:testIamPermissions x-goog-quota-user=projects/it-projects-3rd-year
[debug] [2023-12-10T22:08:19.205Z] >>> [apiv2][body] POST https://cloudresourcemanager.googleapis.com/v1/projects/it-projects-3rd-year:testIamPermissions {"permissions":["firebase.projects.get","firebasehosting.sites.update"]}
[debug] [2023-12-10T22:08:19.425Z] <<< [apiv2][status] GET https://firebase-public.firebaseio.com/cli.json 200
[debug] [2023-12-10T22:08:19.425Z] <<< [apiv2][body] GET https://firebase-public.firebaseio.com/cli.json {"cloudBuildErrorAfter":1594252800000,"cloudBuildWarnAfter":1590019200000,"defaultNode10After":1594252800000,"minVersion":"3.0.5","node8DeploysDisabledAfter":1613390400000,"node8RuntimeDisabledAfter":1615809600000,"node8WarnAfter":1600128000000}
[debug] [2023-12-10T22:08:20.203Z] <<< [apiv2][status] POST https://cloudresourcemanager.googleapis.com/v1/projects/it-projects-3rd-year:testIamPermissions 200
[debug] [2023-12-10T22:08:20.204Z] <<< [apiv2][body] POST https://cloudresourcemanager.googleapis.com/v1/projects/it-projects-3rd-year:testIamPermissions {}
[debug] [2023-12-10T22:08:20.205Z] [iam] error while checking permissions, command may fail: FirebaseError: Authorization failed. This account is missing the following required permissions on project it-projects-3rd-year:

  firebase.projects.get
  firebasehosting.sites.update
[debug] [2023-12-10T22:08:20.208Z] >>> [apiv2][query] GET https://firebase.googleapis.com/v1beta1/projects/it-projects-3rd-year [none]
[debug] [2023-12-10T22:08:20.944Z] <<< [apiv2][status] GET https://firebase.googleapis.com/v1beta1/projects/it-projects-3rd-year 403
[debug] [2023-12-10T22:08:20.945Z] <<< [apiv2][body] GET https://firebase.googleapis.com/v1beta1/projects/it-projects-3rd-year {"error":{"code":403,"message":"The caller does not have permission","status":"PERMISSION_DENIED"}}
[debug] [2023-12-10T22:08:20.946Z] HTTP Error: 403, The caller does not have permission
[error] 
[error] Error: Assertion failed: resolving hosting target of a site with no site name or target name. This should have caused an error earlier
